#
# There is insufficient memory for the Java Runtime Environment to continue.
# Native memory allocation (mmap) failed to map 134217728 bytes for G1 virtual space
# Possible reasons:
#   The system is out of physical RAM or swap space
#   The process is running with CompressedOops enabled, and the Java Heap may be blocking the growth of the native heap
# Possible solutions:
#   Reduce memory load on the system
#   Increase physical memory or swap space
#   Check if swap backing store is full
#   Decrease Java heap size (-Xmx/-Xms)
#   Decrease number of Java threads
#   Decrease Java thread stack sizes (-Xss)
#   Set larger code cache with -XX:ReservedCodeCacheSize=
#   JVM is running with Unscaled Compressed Oops mode in which the Java heap is
#     placed in the first 4GB address space. The Java Heap base address is the
#     maximum limit for the native heap growth. Please use -XX:HeapBaseMinAddress
#     to set the Java Heap base and to place the Java Heap above 4GB virtual address.
# This output file may be truncated or incomplete.
#
#  Out of Memory Error (os_windows.cpp:3530), pid=4172, tid=14544
#
# JRE version:  (18.0.2.1+1) (build )
# Java VM: Java HotSpot(TM) 64-Bit Server VM (18.0.2.1+1-1, mixed mode, sharing, tiered, compressed oops, compressed class ptrs, g1 gc, windows-amd64)
# No core dump will be written. Minidumps are not enabled by default on client versions of Windows
#

---------------  S U M M A R Y ------------

Command Line: -Dfile.encoding=UTF-8 -XX:+ShowCodeDetailsInExceptionMessages Latihan_5

Host: AMD Ryzen 5 3400G with Radeon Vega Graphics    , 8 cores, 7G,  Windows 10 , 64 bit Build 19041 (10.0.19041.2364)
Time: Thu Dec 22 12:44:41 2022 SE Asia Standard Time elapsed time: 0.049362 seconds (0d 0h 0m 0s)

---------------  T H R E A D  ---------------

Current thread (0x0000021813383ed0):  JavaThread "Unknown thread" [_thread_in_vm, id=14544, stack(0x0000004065500000,0x0000004065600000)]

Stack: [0x0000004065500000,0x0000004065600000]
Native frames: (J=compiled Java code, j=interpreted, Vv=VM code, C=native code)
V  [jvm.dll+0x6993aa]
V  [jvm.dll+0x7f46dd]
V  [jvm.dll+0x7f5fee]
V  [jvm.dll+0x7f66a3]
V  [jvm.dll+0x25cf1f]
V  [jvm.dll+0x6962f9]
V  [jvm.dll+0x68ae2a]
V  [jvm.dll+0x32255b]
V  [jvm.dll+0x329f36]
V  [jvm.dll+0x37eade]
V  [jvm.dll+0x37ed0f]
V  [jvm.dll+0x2fa2da]
V  [jvm.dll+0x2fb33d]
V  [jvm.dll+0x7c3310]
V  [jvm.dll+0x38be61]
V  [jvm.dll+0x7a2023]
V  [jvm.dll+0x40dc3f]
V  [jvm.dll+0x40f611]
C  [jli.dll+0x526b]
C  [ucrtbase.dll+0x21bb2]
C  [KERNEL32.DLL+0x17614]
C  [ntdll.dll+0x526a1]


---------------  P R O C E S S  ---------------

Threads class SMR info:
_java_thread_list=0x00007ffe6bf8e550, length=0, elements={
}

Java Threads: ( => current thread )

Other Threads:
  0x00000218133e20c0 WorkerThread "GC Thread#0" [stack: 0x0000004065600000,0x0000004065700000] [id=15852]
  0x00000218133f59b0 ConcurrentGCThread "G1 Main Marker" [stack: 0x0000004065700000,0x0000004065800000] [id=2452]
  0x00000218133f63a0 WorkerThread "G1 Conc#0" [stack: 0x0000004065800000,0x0000004065900000] [id=10680]

[error occurred during error reporting (printing all threads), id 0xc0000005, EXCEPTION_ACCESS_VIOLATION (0xc0000005) at pc=0x00007ffe6b7ba877]

VM state: not at safepoint (not fully initialized)

VM Mutex/Monitor currently owned by a thread:  ([mutex/lock_event])
[0x0000021813380130] Heap_lock - owner thread: 0x0000021813383ed0

Heap address: 0x0000000081000000, size: 2032 MB, Compressed Oops mode: 32-bit

CDS archive(s) mapped at: [0x0000000000000000-0x0000000000000000-0x0000000000000000), size 0, SharedBaseAddress: 0x0000000800000000, ArchiveRelocationMode: 0.
Narrow klass base: 0x0000000000000000, Narrow klass shift: 0, Narrow klass range: 0x0

GC Precious Log:
 CardTable entry size: 512
 Card Set container configuration: InlinePtr #cards 5 size 8 Array Of Cards #cards 12 size 40 Howl #buckets 4 coarsen threshold 1843 Howl Bitmap #cards 512 size 80 coarsen threshold 460 Card regions per heap region 1 cards per card region 2048

Heap:
 garbage-first heap   total 0K, used 0K [0x0000000081000000, 0x0000000100000000)
  region size 1024K, 0 young (0K), 0 survivors (0K)

[error occurred during error reporting (printing heap information), id 0xc0000005, EXCEPTION_ACCESS_VIOLATION (0xc0000005) at pc=0x00007ffe6bba1839]

GC Heap History (0 events):
No events

Deoptimization events (0 events):
No events

Classes loaded (0 events):
No events

Classes unloaded (0 events):
No events

Classes redefined (0 events):
No events

Internal exceptions (0 events):
No events

VM Operations (0 events):
No events

Events (1 events):
Event: 0.023 Loaded shared library C:\Program Files\Java\jdk-18.0.2.1\bin\java.dll


Dynamic libraries:
0x00007ff7eaa00000 - 0x00007ff7eaa10000 	C:\Program Files\Java\jdk-18.0.2.1\bin\javaw.exe
0x00007ffea4b70000 - 0x00007ffea4d68000 	C:\WINDOWS\SYSTEM32\ntdll.dll
0x00007ffea3d20000 - 0x00007ffea3ddf000 	C:\WINDOWS\System32\KERNEL32.DLL
0x00007ffea24d0000 - 0x00007ffea27a2000 	C:\WINDOWS\System32\KERNELBASE.dll
0x00007ffea2a60000 - 0x00007ffea2b60000 	C:\WINDOWS\System32\ucrtbase.dll
0x00007ffe7ab30000 - 0x00007ffe7ab48000 	C:\Program Files\Java\jdk-18.0.2.1\bin\jli.dll
0x00007ffe7a980000 - 0x00007ffe7a99a000 	C:\Program Files\Java\jdk-18.0.2.1\bin\VCRUNTIME140.dll
0x00007ffea33d0000 - 0x00007ffea347e000 	C:\WINDOWS\System32\ADVAPI32.dll
0x00007ffea2e10000 - 0x00007ffea2eae000 	C:\WINDOWS\System32\msvcrt.dll
0x00007ffea4740000 - 0x00007ffea47dc000 	C:\WINDOWS\System32\sechost.dll
0x00007ffea2bb0000 - 0x00007ffea2cd5000 	C:\WINDOWS\System32\RPCRT4.dll
0x00007ffea3de0000 - 0x00007ffea3f81000 	C:\WINDOWS\System32\USER32.dll
0x00007ffea22f0000 - 0x00007ffea2312000 	C:\WINDOWS\System32\win32u.dll
0x00007ffe90b80000 - 0x00007ffe90e1a000 	C:\WINDOWS\WinSxS\amd64_microsoft.windows.common-controls_6595b64144ccf1df_6.0.19041.1110_none_60b5254171f9507e\COMCTL32.dll
0x00007ffea3bd0000 - 0x00007ffea3bfb000 	C:\WINDOWS\System32\GDI32.dll
0x00007ffea2320000 - 0x00007ffea242f000 	C:\WINDOWS\System32\gdi32full.dll
0x00007ffea27b0000 - 0x00007ffea284d000 	C:\WINDOWS\System32\msvcp_win.dll
0x00007ffe984c0000 - 0x00007ffe984ca000 	C:\WINDOWS\SYSTEM32\VERSION.dll
0x00007ffea3300000 - 0x00007ffea3332000 	C:\WINDOWS\System32\IMM32.DLL
0x00007ffe9cea0000 - 0x00007ffe9ceac000 	C:\Program Files\Java\jdk-18.0.2.1\bin\vcruntime140_1.dll
0x00007ffe73390000 - 0x00007ffe7341d000 	C:\Program Files\Java\jdk-18.0.2.1\bin\msvcp140.dll
0x00007ffe6b4b0000 - 0x00007ffe6c0c1000 	C:\Program Files\Java\jdk-18.0.2.1\bin\server\jvm.dll
0x00007ffea2e00000 - 0x00007ffea2e08000 	C:\WINDOWS\System32\PSAPI.DLL
0x00007ffe9ce90000 - 0x00007ffe9ce99000 	C:\WINDOWS\SYSTEM32\WSOCK32.dll
0x00007ffe98290000 - 0x00007ffe982b7000 	C:\WINDOWS\SYSTEM32\WINMM.dll
0x00007ffea47e0000 - 0x00007ffea484b000 	C:\WINDOWS\System32\WS2_32.dll
0x00007ffea0140000 - 0x00007ffea0152000 	C:\WINDOWS\SYSTEM32\kernel.appcore.dll
0x00007ffe9a1e0000 - 0x00007ffe9a1ea000 	C:\Program Files\Java\jdk-18.0.2.1\bin\jimage.dll
0x00007ffe955a0000 - 0x00007ffe95784000 	C:\WINDOWS\SYSTEM32\DBGHELP.DLL
0x00007ffe8aa70000 - 0x00007ffe8aaa5000 	C:\WINDOWS\SYSTEM32\dbgcore.DLL
0x00007ffea2260000 - 0x00007ffea22e2000 	C:\WINDOWS\System32\bcryptPrimitives.dll
0x00007ffe88110000 - 0x00007ffe88135000 	C:\Program Files\Java\jdk-18.0.2.1\bin\java.dll

dbghelp: loaded successfully - version: 4.0.5 - missing functions: none
symbol engine: initialized successfully - sym options: 0x614 - pdb path: .;C:\Program Files\Java\jdk-18.0.2.1\bin;C:\WINDOWS\SYSTEM32;C:\WINDOWS\WinSxS\amd64_microsoft.windows.common-controls_6595b64144ccf1df_6.0.19041.1110_none_60b5254171f9507e;C:\Program Files\Java\jdk-18.0.2.1\bin\server

VM Arguments:
jvm_args: -Dfile.encoding=UTF-8 -XX:+ShowCodeDetailsInExceptionMessages 
java_command: Latihan_5
java_class_path (initial): C:\Users\RAYZEN\eclipse-workspace\Praktikum_4_ArrayList\bin
Launcher Type: SUN_STANDARD

[Global flags]
     intx CICompilerCount                          = 4                                         {product} {ergonomic}
     uint ConcGCThreads                            = 2                                         {product} {ergonomic}
     uint G1ConcRefinementThreads                  = 8                                         {product} {ergonomic}
   size_t G1HeapRegionSize                         = 1048576                                   {product} {ergonomic}
    uintx GCDrainStackTargetSize                   = 64                                        {product} {ergonomic}
   size_t InitialHeapSize                          = 134217728                                 {product} {ergonomic}
   size_t MarkStackSize                            = 4194304                                   {product} {ergonomic}
   size_t MaxHeapSize                              = 2130706432                                {product} {ergonomic}
   size_t MinHeapDeltaBytes                        = 1048576                                   {product} {ergonomic}
   size_t MinHeapSize                              = 8388608                                   {product} {ergonomic}
    uintx NonNMethodCodeHeapSize                   = 5839372                                {pd product} {ergonomic}
    uintx NonProfiledCodeHeapSize                  = 122909434                              {pd product} {ergonomic}
    uintx ProfiledCodeHeapSize                     = 122909434                              {pd product} {ergonomic}
    uintx ReservedCodeCacheSize                    = 251658240                              {pd product} {ergonomic}
     bool SegmentedCodeCache                       = true                                      {product} {ergonomic}
     bool ShowCodeDetailsInExceptionMessages       = true                                   {manageable} {command line}
   size_t SoftMaxHeapSize                          = 2130706432                             {manageable} {ergonomic}
     bool UseCompressedClassPointers               = true                           {product lp64_product} {ergonomic}
     bool UseCompressedOops                        = true                           {product lp64_product} {ergonomic}
     bool UseG1GC                                  = true                                      {product} {ergonomic}
     bool UseLargePagesIndividualAllocation        = false                                  {pd product} {ergonomic}

Logging:
Log output configuration:
 #0: stdout all=warning uptime,level,tags foldmultilines=false
 #1: stderr all=off uptime,level,tags foldmultilines=false

Environment Variables:
JAVA_HOME=C:\Program Files\Java\jdk-18.0.2.1
PATH=C:/Program Files/Java/jdk-18.0.2.1/bin/server;C:/Program Files/Java/jdk-18.0.2.1/bin;C:\Program Files\Common Files\Oracle\Java\javapath;C:\Program Files (x86)\Common Files\Intel\Shared Libraries\redist\intel64\compiler;C:\ProgramData\Oracle\Java\javapath;C:\WINDOWS\system32;C:\WINDOWS;C:\WINDOWS\System32\Wbem;C:\WINDOWS\System32\WindowsPowerShell\v1.0\;C:\WINDOWS\System32\OpenSSH\;C:\MinGW\bin;C:\Program Files (x86)\NVIDIA Corporation\PhysX\Common;C:\Program Files\NVIDIA Corporation\NVIDIA NvDLISR;C:\ProgramData\chocolatey\bin;C:\Program Files\Git\cmd;C:\Users\RAYZEN\AppData\Local\Microsoft\WindowsApps;C:\Users\RAYZEN\AppData\Local\Programs\Microsoft VS Code\bin;C:\Users\RAYZEN\AppData\Local\GitHubDesktop\bin;C:\Program Files\apache-maven-3.8.6\bin;;C:\WINDOWS\system32;
USERNAME=RAYZEN
OS=Windows_NT
PROCESSOR_IDENTIFIER=AMD64 Family 23 Model 24 Stepping 1, AuthenticAMD



---------------  S Y S T E M  ---------------

OS:
 Windows 10 , 64 bit Build 19041 (10.0.19041.2364)
OS uptime: 0 days 7:41 hours

CPU: total 8 (initial active 8) (8 cores per cpu, 2 threads per core) family 23 model 24 stepping 1 microcode 0x0, cx8, cmov, fxsr, ht, mmx, 3dnowpref, sse, sse2, sse3, ssse3, sse4a, sse4.1, sse4.2, popcnt, lzcnt, tsc, tscinvbit, avx, avx2, aes, clmul, bmi1, bmi2, adx, sha, fma, vzeroupper, clflush, clflushopt

Memory: 4k page, system-wide physical 8120M (1123M free)
TotalPageFile size 20408M (AvailPageFile size 121M)
current process WorkingSet (physical memory assigned to process): 10M, peak: 10M
current process commit charge ("private bytes"): 60M, peak: 188M

vm_info: Java HotSpot(TM) 64-Bit Server VM (18.0.2.1+1-1) for windows-amd64 JRE (18.0.2.1+1-1), built on Aug 16 2022 01:46:33 by "mach5one" with MS VC++ 16.8 / 16.9 (VS2019)

END.
